class_id = 0, name = person, ap = 46.32%   	 (TP = 4269, FP = 2459) 
class_id = 1, name = bicycle, ap = 25.93%   	 (TP = 64, FP = 34) 
class_id = 2, name = car, ap = 29.62%   	 (TP = 591, FP = 704) 
class_id = 3, name = motorcycle, ap = 44.26%   	 (TP = 116, FP = 47) 
class_id = 4, name = airplane, ap = 67.88%   	 (TP = 66, FP = 13) 
class_id = 5, name = bus, ap = 60.32%   	 (TP = 125, FP = 28) 
class_id = 6, name = train, ap = 66.85%   	 (TP = 89, FP = 15) 
class_id = 7, name = truck, ap = 30.49%   	 (TP = 93, FP = 57) 
class_id = 8, name = boat, ap = 15.82%   	 (TP = 70, FP = 108) 
class_id = 9, name = traffic light, ap = 15.00%   	 (TP = 118, FP = 220) 
class_id = 10, name = fire hydrant, ap = 61.78%   	 (TP = 53, FP = 11) 
class_id = 11, name = stop sign, ap = 59.16%   	 (TP = 40, FP = 8) 
class_id = 12, name = parking meter, ap = 34.09%   	 (TP = 13, FP = 6) 
class_id = 13, name = bench, ap = 15.12%   	 (TP = 40, FP = 22) 
class_id = 14, name = bird, ap = 17.67%   	 (TP = 78, FP = 136) 
class_id = 15, name = cat, ap = 63.64%   	 (TP = 72, FP = 26) 
class_id = 16, name = dog, ap = 51.33%   	 (TP = 70, FP = 23) 
class_id = 17, name = horse, ap = 54.29%   	 (TP = 113, FP = 39) 
class_id = 18, name = sheep, ap = 40.57%   	 (TP = 134, FP = 123) 
class_id = 19, name = cow, ap = 43.43%   	 (TP = 160, FP = 122) 
class_id = 20, name = elephant, ap = 62.75%   	 (TP = 148, FP = 61) 
class_id = 21, name = bear, ap = 66.45%   	 (TP = 36, FP = 8) 
class_id = 22, name = zebra, ap = 74.63%   	 (TP = 155, FP = 23) 
class_id = 23, name = giraffe, ap = 74.24%   	 (TP = 133, FP = 16) 
class_id = 24, name = backpack, ap = 6.61%   	 (TP = 14, FP = 20) 
class_id = 25, name = umbrella, ap = 29.63%   	 (TP = 100, FP = 64) 
class_id = 26, name = handbag, ap = 4.13%   	 (TP = 11, FP = 12) 
class_id = 27, name = tie, ap = 23.95%   	 (TP = 65, FP = 64) 
class_id = 28, name = suitcase, ap = 18.25%   	 (TP = 40, FP = 35) 
class_id = 29, name = frisbee, ap = 50.01%   	 (TP = 43, FP = 22) 
class_id = 30, name = skis, ap = 14.64%   	 (TP = 38, FP = 71) 
class_id = 31, name = snowboard, ap = 17.28%   	 (TP = 10, FP = 9) 
class_id = 32, name = sports ball, ap = 23.10%   	 (TP = 70, FP = 70) 
class_id = 33, name = kite, ap = 24.40%   	 (TP = 104, FP = 168) 
class_id = 34, name = baseball bat, ap = 15.76%   	 (TP = 20, FP = 18) 
class_id = 35, name = baseball glove, ap = 23.71%   	 (TP = 37, FP = 33) 
class_id = 36, name = skateboard, ap = 37.89%   	 (TP = 60, FP = 28) 
class_id = 37, name = surfboard, ap = 23.91%   	 (TP = 57, FP = 66) 
class_id = 38, name = tennis racket, ap = 41.50%   	 (TP = 82, FP = 28) 
class_id = 39, name = bottle, ap = 17.17%   	 (TP = 168, FP = 217) 
class_id = 40, name = wine glass, ap = 19.05%   	 (TP = 47, FP = 42) 
class_id = 41, name = cup, ap = 24.83%   	 (TP = 192, FP = 187) 
class_id = 42, name = fork, ap = 11.90%   	 (TP = 12, FP = 17) 
class_id = 43, name = knife, ap = 2.93%   	 (TP = 7, FP = 28) 
class_id = 44, name = spoon, ap = 3.15%   	 (TP = 5, FP = 17) 
class_id = 45, name = bowl, ap = 31.21%   	 (TP = 158, FP = 120) 
class_id = 46, name = banana, ap = 19.35%   	 (TP = 54, FP = 37) 
class_id = 47, name = apple, ap = 13.76%   	 (TP = 32, FP = 47) 
class_id = 48, name = sandwich, ap = 30.73%   	 (TP = 34, FP = 23) 
class_id = 49, name = orange, ap = 27.59%   	 (TP = 71, FP = 58) 
class_id = 50, name = broccoli, ap = 23.90%   	 (TP = 46, FP = 49) 
class_id = 51, name = carrot, ap = 12.57%   	 (TP = 27, FP = 38) 
class_id = 52, name = hot dog, ap = 20.93%   	 (TP = 18, FP = 22) 
class_id = 53, name = pizza, ap = 45.36%   	 (TP = 85, FP = 33) 
class_id = 54, name = donut, ap = 32.08%   	 (TP = 87, FP = 81) 
class_id = 55, name = cake, ap = 28.49%   	 (TP = 58, FP = 37) 
class_id = 56, name = chair, ap = 19.01%   	 (TP = 220, FP = 179) 
class_id = 57, name = couch, ap = 42.40%   	 (TP = 74, FP = 25) 
class_id = 58, name = potted plant, ap = 20.84%   	 (TP = 47, FP = 50) 
class_id = 59, name = bed, ap = 38.80%   	 (TP = 21, FP = 2) 
class_id = 60, name = dining table, ap = 19.13%   	 (TP = 43, FP = 30) 
class_id = 61, name = toilet, ap = 59.68%   	 (TP = 84, FP = 30) 
class_id = 62, name = tv, ap = 54.88%   	 (TP = 128, FP = 50) 
class_id = 63, name = laptop, ap = 53.07%   	 (TP = 92, FP = 37) 
class_id = 64, name = mouse, ap = 48.96%   	 (TP = 49, FP = 15) 
class_id = 65, name = remote, ap = 8.18%   	 (TP = 19, FP = 38) 
class_id = 66, name = keyboard, ap = 49.45%   	 (TP = 59, FP = 28) 
class_id = 67, name = cell phone, ap = 23.25%   	 (TP = 46, FP = 22) 
class_id = 68, name = microwave, ap = 52.94%   	 (TP = 23, FP = 6) 
class_id = 69, name = oven, ap = 32.02%   	 (TP = 27, FP = 14) 
class_id = 70, name = toaster, ap = 16.68%   	 (TP = 0, FP = 0) 
class_id = 71, name = sink, ap = 33.29%   	 (TP = 69, FP = 43) 
class_id = 72, name = refrigerator, ap = 41.00%   	 (TP = 31, FP = 7) 
class_id = 73, name = book, ap = 4.30%   	 (TP = 85, FP = 456) 
class_id = 74, name = clock, ap = 48.10%   	 (TP = 120, FP = 56) 
class_id = 75, name = vase, ap = 24.96%   	 (TP = 57, FP = 54) 
class_id = 76, name = scissors, ap = 9.80%   	 (TP = 3, FP = 2) 
class_id = 77, name = teddy bear, ap = 46.07%   	 (TP = 49, FP = 10) 
class_id = 78, name = hair drier, ap = 0.00%   	 (TP = 0, FP = 0) 
class_id = 79, name = toothbrush, ap = 8.16%   	 (TP = 4, FP = 4) 

 for conf_thresh = 0.25, precision = 0.58, recall = 0.27, F1-score = 0.37 
 for conf_thresh = 0.25, TP = 10048, FP = 7228, FN = 26733, average IoU = 42.61 % 

 IoU threshold = 50 %, used Area-Under-Curve for each unique Recall 
 mean average precision (mAP@0.50) = 0.324551, or 32.46 % 
