class_id = 0, name = person, ap = 46.85%   	 (TP = 4539, FP = 2896) 
class_id = 1, name = bicycle, ap = 26.25%   	 (TP = 63, FP = 34) 
class_id = 2, name = car, ap = 29.31%   	 (TP = 589, FP = 704) 
class_id = 3, name = motorcycle, ap = 45.28%   	 (TP = 124, FP = 44) 
class_id = 4, name = airplane, ap = 68.17%   	 (TP = 72, FP = 19) 
class_id = 5, name = bus, ap = 62.09%   	 (TP = 137, FP = 25) 
class_id = 6, name = train, ap = 68.68%   	 (TP = 104, FP = 21) 
class_id = 7, name = truck, ap = 31.46%   	 (TP = 102, FP = 68) 
class_id = 8, name = boat, ap = 15.84%   	 (TP = 70, FP = 112) 
class_id = 9, name = traffic light, ap = 15.45%   	 (TP = 123, FP = 218) 
class_id = 10, name = fire hydrant, ap = 64.38%   	 (TP = 56, FP = 8) 
class_id = 11, name = stop sign, ap = 60.16%   	 (TP = 41, FP = 8) 
class_id = 12, name = parking meter, ap = 34.05%   	 (TP = 15, FP = 6) 
class_id = 13, name = bench, ap = 14.98%   	 (TP = 44, FP = 27) 
class_id = 14, name = bird, ap = 17.07%   	 (TP = 84, FP = 187) 
class_id = 15, name = cat, ap = 65.09%   	 (TP = 86, FP = 39) 
class_id = 16, name = dog, ap = 53.39%   	 (TP = 72, FP = 37) 
class_id = 17, name = horse, ap = 56.54%   	 (TP = 118, FP = 45) 
class_id = 18, name = sheep, ap = 40.77%   	 (TP = 157, FP = 130) 
class_id = 19, name = cow, ap = 43.80%   	 (TP = 166, FP = 118) 
class_id = 20, name = elephant, ap = 65.70%   	 (TP = 152, FP = 62) 
class_id = 21, name = bear, ap = 67.40%   	 (TP = 43, FP = 14) 
class_id = 22, name = zebra, ap = 77.10%   	 (TP = 164, FP = 17) 
class_id = 23, name = giraffe, ap = 73.50%   	 (TP = 142, FP = 22) 
class_id = 24, name = backpack, ap = 6.67%   	 (TP = 14, FP = 29) 
class_id = 25, name = umbrella, ap = 29.92%   	 (TP = 103, FP = 84) 
class_id = 26, name = handbag, ap = 3.93%   	 (TP = 9, FP = 11) 
class_id = 27, name = tie, ap = 25.59%   	 (TP = 71, FP = 59) 
class_id = 28, name = suitcase, ap = 19.28%   	 (TP = 38, FP = 44) 
class_id = 29, name = frisbee, ap = 51.18%   	 (TP = 49, FP = 22) 
class_id = 30, name = skis, ap = 14.35%   	 (TP = 35, FP = 73) 
class_id = 31, name = snowboard, ap = 16.76%   	 (TP = 10, FP = 14) 
class_id = 32, name = sports ball, ap = 24.27%   	 (TP = 73, FP = 80) 
class_id = 33, name = kite, ap = 27.28%   	 (TP = 111, FP = 169) 
class_id = 34, name = baseball bat, ap = 16.42%   	 (TP = 20, FP = 19) 
class_id = 35, name = baseball glove, ap = 23.40%   	 (TP = 37, FP = 37) 
class_id = 36, name = skateboard, ap = 41.61%   	 (TP = 63, FP = 27) 
class_id = 37, name = surfboard, ap = 24.38%   	 (TP = 62, FP = 65) 
class_id = 38, name = tennis racket, ap = 41.29%   	 (TP = 83, FP = 28) 
class_id = 39, name = bottle, ap = 17.52%   	 (TP = 154, FP = 190) 
class_id = 40, name = wine glass, ap = 18.86%   	 (TP = 42, FP = 43) 
class_id = 41, name = cup, ap = 24.98%   	 (TP = 195, FP = 180) 
class_id = 42, name = fork, ap = 12.04%   	 (TP = 12, FP = 12) 
class_id = 43, name = knife, ap = 2.82%   	 (TP = 6, FP = 40) 
class_id = 44, name = spoon, ap = 3.19%   	 (TP = 5, FP = 13) 
class_id = 45, name = bowl, ap = 31.24%   	 (TP = 156, FP = 146) 
class_id = 46, name = banana, ap = 20.65%   	 (TP = 63, FP = 46) 
class_id = 47, name = apple, ap = 14.25%   	 (TP = 33, FP = 54) 
class_id = 48, name = sandwich, ap = 32.22%   	 (TP = 38, FP = 31) 
class_id = 49, name = orange, ap = 27.24%   	 (TP = 72, FP = 59) 
class_id = 50, name = broccoli, ap = 24.93%   	 (TP = 58, FP = 65) 
class_id = 51, name = carrot, ap = 12.98%   	 (TP = 38, FP = 72) 
class_id = 52, name = hot dog, ap = 24.04%   	 (TP = 20, FP = 24) 
class_id = 53, name = pizza, ap = 48.58%   	 (TP = 104, FP = 55) 
class_id = 54, name = donut, ap = 32.46%   	 (TP = 102, FP = 82) 
class_id = 55, name = cake, ap = 28.25%   	 (TP = 68, FP = 40) 
class_id = 56, name = chair, ap = 18.04%   	 (TP = 204, FP = 178) 
class_id = 57, name = couch, ap = 42.80%   	 (TP = 71, FP = 23) 
class_id = 58, name = potted plant, ap = 22.46%   	 (TP = 51, FP = 56) 
class_id = 59, name = bed, ap = 38.33%   	 (TP = 26, FP = 7) 
class_id = 60, name = dining table, ap = 22.01%   	 (TP = 65, FP = 43) 
class_id = 61, name = toilet, ap = 60.21%   	 (TP = 82, FP = 36) 
class_id = 62, name = tv, ap = 55.78%   	 (TP = 129, FP = 49) 
class_id = 63, name = laptop, ap = 53.68%   	 (TP = 97, FP = 35) 
class_id = 64, name = mouse, ap = 50.91%   	 (TP = 49, FP = 17) 
class_id = 65, name = remote, ap = 8.72%   	 (TP = 24, FP = 47) 
class_id = 66, name = keyboard, ap = 50.50%   	 (TP = 59, FP = 30) 
class_id = 67, name = cell phone, ap = 24.21%   	 (TP = 50, FP = 32) 
class_id = 68, name = microwave, ap = 54.18%   	 (TP = 24, FP = 7) 
class_id = 69, name = oven, ap = 32.04%   	 (TP = 31, FP = 20) 
class_id = 70, name = toaster, ap = 19.73%   	 (TP = 0, FP = 0) 
class_id = 71, name = sink, ap = 33.45%   	 (TP = 69, FP = 48) 
class_id = 72, name = refrigerator, ap = 42.17%   	 (TP = 37, FP = 8) 
class_id = 73, name = book, ap = 4.51%   	 (TP = 91, FP = 502) 
class_id = 74, name = clock, ap = 49.96%   	 (TP = 129, FP = 59) 
class_id = 75, name = vase, ap = 24.68%   	 (TP = 47, FP = 38) 
class_id = 76, name = scissors, ap = 12.36%   	 (TP = 3, FP = 3) 
class_id = 77, name = teddy bear, ap = 45.01%   	 (TP = 59, FP = 17) 
class_id = 78, name = hair drier, ap = 0.00%   	 (TP = 0, FP = 0) 
class_id = 79, name = toothbrush, ap = 7.51%   	 (TP = 4, FP = 7) 

 for conf_thresh = 0.25, precision = 0.57, recall = 0.29, F1-score = 0.38 
 for conf_thresh = 0.25, TP = 10608, FP = 8036, FN = 26173, average IoU = 41.61 % 

 IoU threshold = 50 %, used Area-Under-Curve for each unique Recall 
 mean average precision (mAP@0.50) = 0.332391, or 33.24 % 
