class_id = 0, name = person, ap = 46.80%   	 (TP = 4593, FP = 3085) 
class_id = 1, name = bicycle, ap = 26.53%   	 (TP = 64, FP = 36) 
class_id = 2, name = car, ap = 29.03%   	 (TP = 592, FP = 786) 
class_id = 3, name = motorcycle, ap = 44.05%   	 (TP = 127, FP = 56) 
class_id = 4, name = airplane, ap = 68.56%   	 (TP = 74, FP = 21) 
class_id = 5, name = bus, ap = 62.15%   	 (TP = 137, FP = 30) 
class_id = 6, name = train, ap = 69.09%   	 (TP = 103, FP = 20) 
class_id = 7, name = truck, ap = 31.24%   	 (TP = 100, FP = 62) 
class_id = 8, name = boat, ap = 15.93%   	 (TP = 75, FP = 126) 
class_id = 9, name = traffic light, ap = 15.80%   	 (TP = 127, FP = 255) 
class_id = 10, name = fire hydrant, ap = 64.54%   	 (TP = 55, FP = 9) 
class_id = 11, name = stop sign, ap = 60.39%   	 (TP = 41, FP = 9) 
class_id = 12, name = parking meter, ap = 34.00%   	 (TP = 15, FP = 7) 
class_id = 13, name = bench, ap = 15.52%   	 (TP = 47, FP = 32) 
class_id = 14, name = bird, ap = 17.64%   	 (TP = 85, FP = 173) 
class_id = 15, name = cat, ap = 64.58%   	 (TP = 90, FP = 43) 
class_id = 16, name = dog, ap = 53.74%   	 (TP = 76, FP = 41) 
class_id = 17, name = horse, ap = 56.82%   	 (TP = 123, FP = 46) 
class_id = 18, name = sheep, ap = 41.24%   	 (TP = 152, FP = 137) 
class_id = 19, name = cow, ap = 43.15%   	 (TP = 169, FP = 128) 
class_id = 20, name = elephant, ap = 65.30%   	 (TP = 154, FP = 61) 
class_id = 21, name = bear, ap = 68.16%   	 (TP = 41, FP = 17) 
class_id = 22, name = zebra, ap = 76.61%   	 (TP = 165, FP = 23) 
class_id = 23, name = giraffe, ap = 73.97%   	 (TP = 146, FP = 22) 
class_id = 24, name = backpack, ap = 6.89%   	 (TP = 14, FP = 31) 
class_id = 25, name = umbrella, ap = 30.69%   	 (TP = 108, FP = 77) 
class_id = 26, name = handbag, ap = 3.77%   	 (TP = 11, FP = 14) 
class_id = 27, name = tie, ap = 24.78%   	 (TP = 70, FP = 64) 
class_id = 28, name = suitcase, ap = 19.59%   	 (TP = 40, FP = 48) 
class_id = 29, name = frisbee, ap = 50.44%   	 (TP = 50, FP = 24) 
class_id = 30, name = skis, ap = 14.73%   	 (TP = 36, FP = 78) 
class_id = 31, name = snowboard, ap = 16.93%   	 (TP = 11, FP = 13) 
class_id = 32, name = sports ball, ap = 24.71%   	 (TP = 74, FP = 80) 
class_id = 33, name = kite, ap = 29.03%   	 (TP = 116, FP = 175) 
class_id = 34, name = baseball bat, ap = 15.36%   	 (TP = 21, FP = 19) 
class_id = 35, name = baseball glove, ap = 24.01%   	 (TP = 38, FP = 40) 
class_id = 36, name = skateboard, ap = 40.34%   	 (TP = 67, FP = 29) 
class_id = 37, name = surfboard, ap = 23.10%   	 (TP = 61, FP = 68) 
class_id = 38, name = tennis racket, ap = 41.69%   	 (TP = 84, FP = 31) 
class_id = 39, name = bottle, ap = 17.45%   	 (TP = 160, FP = 210) 
class_id = 40, name = wine glass, ap = 18.32%   	 (TP = 44, FP = 41) 
class_id = 41, name = cup, ap = 24.91%   	 (TP = 199, FP = 178) 
class_id = 42, name = fork, ap = 11.40%   	 (TP = 10, FP = 15) 
class_id = 43, name = knife, ap = 2.48%   	 (TP = 6, FP = 40) 
class_id = 44, name = spoon, ap = 3.31%   	 (TP = 6, FP = 12) 
class_id = 45, name = bowl, ap = 31.18%   	 (TP = 167, FP = 151) 
class_id = 46, name = banana, ap = 20.94%   	 (TP = 60, FP = 44) 
class_id = 47, name = apple, ap = 13.72%   	 (TP = 34, FP = 53) 
class_id = 48, name = sandwich, ap = 32.22%   	 (TP = 37, FP = 32) 
class_id = 49, name = orange, ap = 27.31%   	 (TP = 68, FP = 51) 
class_id = 50, name = broccoli, ap = 24.84%   	 (TP = 56, FP = 69) 
class_id = 51, name = carrot, ap = 13.18%   	 (TP = 38, FP = 70) 
class_id = 52, name = hot dog, ap = 23.66%   	 (TP = 20, FP = 22) 
class_id = 53, name = pizza, ap = 48.73%   	 (TP = 109, FP = 55) 
class_id = 54, name = donut, ap = 31.98%   	 (TP = 97, FP = 85) 
class_id = 55, name = cake, ap = 28.60%   	 (TP = 68, FP = 43) 
class_id = 56, name = chair, ap = 18.10%   	 (TP = 207, FP = 191) 
class_id = 57, name = couch, ap = 44.14%   	 (TP = 74, FP = 24) 
class_id = 58, name = potted plant, ap = 21.90%   	 (TP = 52, FP = 54) 
class_id = 59, name = bed, ap = 38.84%   	 (TP = 30, FP = 13) 
class_id = 60, name = dining table, ap = 22.14%   	 (TP = 68, FP = 57) 
class_id = 61, name = toilet, ap = 60.68%   	 (TP = 85, FP = 36) 
class_id = 62, name = tv, ap = 55.48%   	 (TP = 133, FP = 51) 
class_id = 63, name = laptop, ap = 53.63%   	 (TP = 95, FP = 37) 
class_id = 64, name = mouse, ap = 50.41%   	 (TP = 49, FP = 16) 
class_id = 65, name = remote, ap = 9.72%   	 (TP = 27, FP = 45) 
class_id = 66, name = keyboard, ap = 50.30%   	 (TP = 60, FP = 31) 
class_id = 67, name = cell phone, ap = 23.65%   	 (TP = 50, FP = 33) 
class_id = 68, name = microwave, ap = 54.19%   	 (TP = 24, FP = 8) 
class_id = 69, name = oven, ap = 33.18%   	 (TP = 32, FP = 22) 
class_id = 70, name = toaster, ap = 19.64%   	 (TP = 0, FP = 0) 
class_id = 71, name = sink, ap = 34.16%   	 (TP = 71, FP = 48) 
class_id = 72, name = refrigerator, ap = 40.44%   	 (TP = 39, FP = 10) 
class_id = 73, name = book, ap = 4.55%   	 (TP = 97, FP = 513) 
class_id = 74, name = clock, ap = 49.48%   	 (TP = 129, FP = 61) 
class_id = 75, name = vase, ap = 24.50%   	 (TP = 50, FP = 42) 
class_id = 76, name = scissors, ap = 10.75%   	 (TP = 3, FP = 3) 
class_id = 77, name = teddy bear, ap = 44.42%   	 (TP = 61, FP = 22) 
class_id = 78, name = hair drier, ap = 0.00%   	 (TP = 0, FP = 0) 
class_id = 79, name = toothbrush, ap = 7.28%   	 (TP = 4, FP = 5) 

 for conf_thresh = 0.25, precision = 0.56, recall = 0.29, F1-score = 0.38 
 for conf_thresh = 0.25, TP = 10771, FP = 8509, FN = 26010, average IoU = 40.81 % 

 IoU threshold = 50 %, used Area-Under-Curve for each unique Recall 
 mean average precision (mAP@0.50) = 0.332086, or 33.21 % 
