class_id = 0, name = person, ap = 46.67%   	 (TP = 4505, FP = 2857) 
class_id = 1, name = bicycle, ap = 26.63%   	 (TP = 62, FP = 38) 
class_id = 2, name = car, ap = 29.47%   	 (TP = 588, FP = 727) 
class_id = 3, name = motorcycle, ap = 44.68%   	 (TP = 123, FP = 51) 
class_id = 4, name = airplane, ap = 69.47%   	 (TP = 75, FP = 18) 
class_id = 5, name = bus, ap = 62.21%   	 (TP = 131, FP = 23) 
class_id = 6, name = train, ap = 68.65%   	 (TP = 103, FP = 18) 
class_id = 7, name = truck, ap = 31.41%   	 (TP = 101, FP = 63) 
class_id = 8, name = boat, ap = 16.06%   	 (TP = 75, FP = 116) 
class_id = 9, name = traffic light, ap = 15.27%   	 (TP = 124, FP = 222) 
class_id = 10, name = fire hydrant, ap = 64.02%   	 (TP = 54, FP = 9) 
class_id = 11, name = stop sign, ap = 60.27%   	 (TP = 40, FP = 9) 
class_id = 12, name = parking meter, ap = 34.40%   	 (TP = 16, FP = 7) 
class_id = 13, name = bench, ap = 15.12%   	 (TP = 43, FP = 26) 
class_id = 14, name = bird, ap = 17.08%   	 (TP = 85, FP = 173) 
class_id = 15, name = cat, ap = 65.19%   	 (TP = 83, FP = 34) 
class_id = 16, name = dog, ap = 53.31%   	 (TP = 73, FP = 35) 
class_id = 17, name = horse, ap = 56.02%   	 (TP = 119, FP = 45) 
class_id = 18, name = sheep, ap = 39.94%   	 (TP = 149, FP = 133) 
class_id = 19, name = cow, ap = 43.67%   	 (TP = 167, FP = 129) 
class_id = 20, name = elephant, ap = 65.38%   	 (TP = 151, FP = 54) 
class_id = 21, name = bear, ap = 68.15%   	 (TP = 41, FP = 13) 
class_id = 22, name = zebra, ap = 76.12%   	 (TP = 164, FP = 19) 
class_id = 23, name = giraffe, ap = 74.02%   	 (TP = 145, FP = 20) 
class_id = 24, name = backpack, ap = 7.34%   	 (TP = 15, FP = 25) 
class_id = 25, name = umbrella, ap = 30.30%   	 (TP = 105, FP = 76) 
class_id = 26, name = handbag, ap = 3.92%   	 (TP = 12, FP = 14) 
class_id = 27, name = tie, ap = 25.21%   	 (TP = 69, FP = 58) 
class_id = 28, name = suitcase, ap = 19.03%   	 (TP = 39, FP = 49) 
class_id = 29, name = frisbee, ap = 51.09%   	 (TP = 50, FP = 23) 
class_id = 30, name = skis, ap = 14.59%   	 (TP = 38, FP = 72) 
class_id = 31, name = snowboard, ap = 16.42%   	 (TP = 10, FP = 12) 
class_id = 32, name = sports ball, ap = 23.51%   	 (TP = 71, FP = 76) 
class_id = 33, name = kite, ap = 27.25%   	 (TP = 107, FP = 164) 
class_id = 34, name = baseball bat, ap = 15.44%   	 (TP = 20, FP = 19) 
class_id = 35, name = baseball glove, ap = 23.95%   	 (TP = 38, FP = 37) 
class_id = 36, name = skateboard, ap = 41.97%   	 (TP = 62, FP = 26) 
class_id = 37, name = surfboard, ap = 24.62%   	 (TP = 64, FP = 59) 
class_id = 38, name = tennis racket, ap = 42.83%   	 (TP = 84, FP = 25) 
class_id = 39, name = bottle, ap = 17.46%   	 (TP = 154, FP = 181) 
class_id = 40, name = wine glass, ap = 19.26%   	 (TP = 44, FP = 38) 
class_id = 41, name = cup, ap = 24.89%   	 (TP = 192, FP = 178) 
class_id = 42, name = fork, ap = 11.64%   	 (TP = 11, FP = 11) 
class_id = 43, name = knife, ap = 2.54%   	 (TP = 6, FP = 36) 
class_id = 44, name = spoon, ap = 3.76%   	 (TP = 7, FP = 11) 
class_id = 45, name = bowl, ap = 30.99%   	 (TP = 153, FP = 139) 
class_id = 46, name = banana, ap = 19.90%   	 (TP = 59, FP = 45) 
class_id = 47, name = apple, ap = 13.93%   	 (TP = 35, FP = 44) 
class_id = 48, name = sandwich, ap = 31.78%   	 (TP = 37, FP = 30) 
class_id = 49, name = orange, ap = 27.59%   	 (TP = 68, FP = 52) 
class_id = 50, name = broccoli, ap = 25.07%   	 (TP = 56, FP = 65) 
class_id = 51, name = carrot, ap = 13.74%   	 (TP = 36, FP = 49) 
class_id = 52, name = hot dog, ap = 24.12%   	 (TP = 19, FP = 24) 
class_id = 53, name = pizza, ap = 48.16%   	 (TP = 107, FP = 53) 
class_id = 54, name = donut, ap = 31.99%   	 (TP = 98, FP = 82) 
class_id = 55, name = cake, ap = 28.07%   	 (TP = 67, FP = 44) 
class_id = 56, name = chair, ap = 18.20%   	 (TP = 204, FP = 179) 
class_id = 57, name = couch, ap = 43.03%   	 (TP = 73, FP = 24) 
class_id = 58, name = potted plant, ap = 21.51%   	 (TP = 50, FP = 53) 
class_id = 59, name = bed, ap = 37.94%   	 (TP = 26, FP = 8) 
class_id = 60, name = dining table, ap = 21.92%   	 (TP = 62, FP = 42) 
class_id = 61, name = toilet, ap = 61.16%   	 (TP = 83, FP = 35) 
class_id = 62, name = tv, ap = 55.24%   	 (TP = 131, FP = 47) 
class_id = 63, name = laptop, ap = 53.97%   	 (TP = 94, FP = 31) 
class_id = 64, name = mouse, ap = 50.53%   	 (TP = 49, FP = 16) 
class_id = 65, name = remote, ap = 9.96%   	 (TP = 28, FP = 43) 
class_id = 66, name = keyboard, ap = 50.44%   	 (TP = 59, FP = 27) 
class_id = 67, name = cell phone, ap = 23.54%   	 (TP = 49, FP = 33) 
class_id = 68, name = microwave, ap = 54.12%   	 (TP = 24, FP = 5) 
class_id = 69, name = oven, ap = 33.40%   	 (TP = 32, FP = 18) 
class_id = 70, name = toaster, ap = 19.78%   	 (TP = 0, FP = 0) 
class_id = 71, name = sink, ap = 33.43%   	 (TP = 68, FP = 47) 
class_id = 72, name = refrigerator, ap = 41.81%   	 (TP = 37, FP = 9) 
class_id = 73, name = book, ap = 4.35%   	 (TP = 85, FP = 485) 
class_id = 74, name = clock, ap = 50.31%   	 (TP = 129, FP = 59) 
class_id = 75, name = vase, ap = 24.34%   	 (TP = 48, FP = 38) 
class_id = 76, name = scissors, ap = 11.30%   	 (TP = 3, FP = 3) 
class_id = 77, name = teddy bear, ap = 45.95%   	 (TP = 57, FP = 10) 
class_id = 78, name = hair drier, ap = 0.00%   	 (TP = 0, FP = 0) 
class_id = 79, name = toothbrush, ap = 7.48%   	 (TP = 4, FP = 4) 

 for conf_thresh = 0.25, precision = 0.57, recall = 0.29, F1-score = 0.38 
 for conf_thresh = 0.25, TP = 10545, FP = 7872, FN = 26236, average IoU = 41.90 % 

 IoU threshold = 50 %, used Area-Under-Curve for each unique Recall 
 mean average precision (mAP@0.50) = 0.332409, or 33.24 % 
