class_id = 0, name = person, ap = 47.03%   	 (TP = 4538, FP = 2879) 
class_id = 1, name = bicycle, ap = 25.71%   	 (TP = 61, FP = 35) 
class_id = 2, name = car, ap = 29.45%   	 (TP = 584, FP = 711) 
class_id = 3, name = motorcycle, ap = 44.63%   	 (TP = 124, FP = 50) 
class_id = 4, name = airplane, ap = 69.02%   	 (TP = 77, FP = 19) 
class_id = 5, name = bus, ap = 62.19%   	 (TP = 133, FP = 28) 
class_id = 6, name = train, ap = 69.20%   	 (TP = 103, FP = 19) 
class_id = 7, name = truck, ap = 31.58%   	 (TP = 101, FP = 66) 
class_id = 8, name = boat, ap = 16.09%   	 (TP = 74, FP = 117) 
class_id = 9, name = traffic light, ap = 14.81%   	 (TP = 119, FP = 233) 
class_id = 10, name = fire hydrant, ap = 64.40%   	 (TP = 55, FP = 9) 
class_id = 11, name = stop sign, ap = 60.22%   	 (TP = 40, FP = 9) 
class_id = 12, name = parking meter, ap = 34.10%   	 (TP = 17, FP = 7) 
class_id = 13, name = bench, ap = 15.34%   	 (TP = 45, FP = 26) 
class_id = 14, name = bird, ap = 17.88%   	 (TP = 87, FP = 174) 
class_id = 15, name = cat, ap = 66.15%   	 (TP = 90, FP = 37) 
class_id = 16, name = dog, ap = 52.98%   	 (TP = 72, FP = 42) 
class_id = 17, name = horse, ap = 56.47%   	 (TP = 123, FP = 45) 
class_id = 18, name = sheep, ap = 40.09%   	 (TP = 149, FP = 132) 
class_id = 19, name = cow, ap = 43.99%   	 (TP = 167, FP = 121) 
class_id = 20, name = elephant, ap = 65.47%   	 (TP = 153, FP = 62) 
class_id = 21, name = bear, ap = 67.97%   	 (TP = 42, FP = 16) 
class_id = 22, name = zebra, ap = 75.76%   	 (TP = 162, FP = 21) 
class_id = 23, name = giraffe, ap = 74.16%   	 (TP = 144, FP = 21) 
class_id = 24, name = backpack, ap = 7.37%   	 (TP = 15, FP = 28) 
class_id = 25, name = umbrella, ap = 31.06%   	 (TP = 107, FP = 78) 
class_id = 26, name = handbag, ap = 3.94%   	 (TP = 12, FP = 13) 
class_id = 27, name = tie, ap = 24.90%   	 (TP = 70, FP = 58) 
class_id = 28, name = suitcase, ap = 19.55%   	 (TP = 38, FP = 50) 
class_id = 29, name = frisbee, ap = 51.13%   	 (TP = 50, FP = 22) 
class_id = 30, name = skis, ap = 14.65%   	 (TP = 39, FP = 71) 
class_id = 31, name = snowboard, ap = 16.72%   	 (TP = 10, FP = 13) 
class_id = 32, name = sports ball, ap = 24.59%   	 (TP = 72, FP = 78) 
class_id = 33, name = kite, ap = 27.60%   	 (TP = 111, FP = 172) 
class_id = 34, name = baseball bat, ap = 15.90%   	 (TP = 21, FP = 18) 
class_id = 35, name = baseball glove, ap = 24.36%   	 (TP = 40, FP = 39) 
class_id = 36, name = skateboard, ap = 42.13%   	 (TP = 64, FP = 26) 
class_id = 37, name = surfboard, ap = 24.10%   	 (TP = 63, FP = 65) 
class_id = 38, name = tennis racket, ap = 42.66%   	 (TP = 86, FP = 29) 
class_id = 39, name = bottle, ap = 17.42%   	 (TP = 152, FP = 178) 
class_id = 40, name = wine glass, ap = 18.92%   	 (TP = 45, FP = 40) 
class_id = 41, name = cup, ap = 25.07%   	 (TP = 196, FP = 176) 
class_id = 42, name = fork, ap = 11.80%   	 (TP = 12, FP = 15) 
class_id = 43, name = knife, ap = 2.61%   	 (TP = 6, FP = 39) 
class_id = 44, name = spoon, ap = 3.71%   	 (TP = 7, FP = 10) 
class_id = 45, name = bowl, ap = 31.28%   	 (TP = 165, FP = 138) 
class_id = 46, name = banana, ap = 21.14%   	 (TP = 61, FP = 50) 
class_id = 47, name = apple, ap = 14.04%   	 (TP = 36, FP = 49) 
class_id = 48, name = sandwich, ap = 31.77%   	 (TP = 38, FP = 34) 
class_id = 49, name = orange, ap = 27.73%   	 (TP = 68, FP = 52) 
class_id = 50, name = broccoli, ap = 25.26%   	 (TP = 57, FP = 65) 
class_id = 51, name = carrot, ap = 13.50%   	 (TP = 36, FP = 57) 
class_id = 52, name = hot dog, ap = 24.19%   	 (TP = 21, FP = 25) 
class_id = 53, name = pizza, ap = 48.27%   	 (TP = 111, FP = 50) 
class_id = 54, name = donut, ap = 32.67%   	 (TP = 100, FP = 92) 
class_id = 55, name = cake, ap = 27.96%   	 (TP = 65, FP = 43) 
class_id = 56, name = chair, ap = 18.43%   	 (TP = 208, FP = 179) 
class_id = 57, name = couch, ap = 43.33%   	 (TP = 74, FP = 23) 
class_id = 58, name = potted plant, ap = 22.00%   	 (TP = 48, FP = 56) 
class_id = 59, name = bed, ap = 39.10%   	 (TP = 29, FP = 9) 
class_id = 60, name = dining table, ap = 22.51%   	 (TP = 67, FP = 46) 
class_id = 61, name = toilet, ap = 61.01%   	 (TP = 84, FP = 36) 
class_id = 62, name = tv, ap = 55.42%   	 (TP = 131, FP = 44) 
class_id = 63, name = laptop, ap = 54.29%   	 (TP = 98, FP = 34) 
class_id = 64, name = mouse, ap = 50.72%   	 (TP = 49, FP = 17) 
class_id = 65, name = remote, ap = 8.98%   	 (TP = 23, FP = 45) 
class_id = 66, name = keyboard, ap = 50.45%   	 (TP = 60, FP = 30) 
class_id = 67, name = cell phone, ap = 23.65%   	 (TP = 49, FP = 32) 
class_id = 68, name = microwave, ap = 54.38%   	 (TP = 24, FP = 5) 
class_id = 69, name = oven, ap = 33.78%   	 (TP = 32, FP = 19) 
class_id = 70, name = toaster, ap = 17.75%   	 (TP = 0, FP = 0) 
class_id = 71, name = sink, ap = 34.20%   	 (TP = 68, FP = 45) 
class_id = 72, name = refrigerator, ap = 42.04%   	 (TP = 41, FP = 10) 
class_id = 73, name = book, ap = 4.60%   	 (TP = 97, FP = 505) 
class_id = 74, name = clock, ap = 49.47%   	 (TP = 127, FP = 58) 
class_id = 75, name = vase, ap = 24.69%   	 (TP = 52, FP = 39) 
class_id = 76, name = scissors, ap = 12.45%   	 (TP = 3, FP = 3) 
class_id = 77, name = teddy bear, ap = 45.29%   	 (TP = 60, FP = 17) 
class_id = 78, name = hair drier, ap = 0.00%   	 (TP = 0, FP = 0) 
class_id = 79, name = toothbrush, ap = 7.42%   	 (TP = 4, FP = 5) 

 for conf_thresh = 0.25, precision = 0.57, recall = 0.29, F1-score = 0.38 
 for conf_thresh = 0.25, TP = 10662, FP = 8009, FN = 26119, average IoU = 41.77 % 

 IoU threshold = 50 %, used Area-Under-Curve for each unique Recall 
 mean average precision (mAP@0.50) = 0.333584, or 33.36 % 
