class_id = 0, name = person, ap = 44.06%   	 (TP = 4588, FP = 4231) 
class_id = 1, name = bicycle, ap = 21.54%   	 (TP = 66, FP = 71) 
class_id = 2, name = car, ap = 24.91%   	 (TP = 601, FP = 1269) 
class_id = 3, name = motorcycle, ap = 38.69%   	 (TP = 123, FP = 83) 
class_id = 4, name = airplane, ap = 54.14%   	 (TP = 65, FP = 49) 
class_id = 5, name = bus, ap = 56.74%   	 (TP = 135, FP = 51) 
class_id = 6, name = train, ap = 59.56%   	 (TP = 89, FP = 29) 
class_id = 7, name = truck, ap = 25.20%   	 (TP = 87, FP = 91) 
class_id = 8, name = boat, ap = 16.36%   	 (TP = 71, FP = 98) 
class_id = 9, name = traffic light, ap = 11.58%   	 (TP = 114, FP = 396) 
class_id = 10, name = fire hydrant, ap = 55.95%   	 (TP = 46, FP = 15) 
class_id = 11, name = stop sign, ap = 57.14%   	 (TP = 40, FP = 16) 
class_id = 12, name = parking meter, ap = 36.37%   	 (TP = 21, FP = 11) 
class_id = 13, name = bench, ap = 13.77%   	 (TP = 40, FP = 30) 
class_id = 14, name = bird, ap = 13.69%   	 (TP = 89, FP = 245) 
class_id = 15, name = cat, ap = 58.23%   	 (TP = 90, FP = 70) 
class_id = 16, name = dog, ap = 43.71%   	 (TP = 78, FP = 83) 
class_id = 17, name = horse, ap = 45.84%   	 (TP = 118, FP = 87) 
class_id = 18, name = sheep, ap = 33.92%   	 (TP = 136, FP = 141) 
class_id = 19, name = cow, ap = 37.17%   	 (TP = 163, FP = 226) 
class_id = 20, name = elephant, ap = 60.70%   	 (TP = 142, FP = 70) 
class_id = 21, name = bear, ap = 62.32%   	 (TP = 34, FP = 10) 
class_id = 22, name = zebra, ap = 70.43%   	 (TP = 164, FP = 52) 
class_id = 23, name = giraffe, ap = 70.55%   	 (TP = 135, FP = 24) 
class_id = 24, name = backpack, ap = 5.75%   	 (TP = 21, FP = 40) 
class_id = 25, name = umbrella, ap = 29.26%   	 (TP = 107, FP = 67) 
class_id = 26, name = handbag, ap = 2.76%   	 (TP = 9, FP = 27) 
class_id = 27, name = tie, ap = 24.48%   	 (TP = 62, FP = 59) 
class_id = 28, name = suitcase, ap = 19.48%   	 (TP = 59, FP = 84) 
class_id = 29, name = frisbee, ap = 41.29%   	 (TP = 42, FP = 30) 
class_id = 30, name = skis, ap = 13.27%   	 (TP = 39, FP = 87) 
class_id = 31, name = snowboard, ap = 17.16%   	 (TP = 12, FP = 17) 
class_id = 32, name = sports ball, ap = 22.90%   	 (TP = 67, FP = 81) 
class_id = 33, name = kite, ap = 15.93%   	 (TP = 109, FP = 366) 
class_id = 34, name = baseball bat, ap = 15.94%   	 (TP = 24, FP = 34) 
class_id = 35, name = baseball glove, ap = 21.57%   	 (TP = 41, FP = 71) 
class_id = 36, name = skateboard, ap = 33.42%   	 (TP = 60, FP = 56) 
class_id = 37, name = surfboard, ap = 22.67%   	 (TP = 61, FP = 83) 
class_id = 38, name = tennis racket, ap = 37.00%   	 (TP = 78, FP = 53) 
class_id = 39, name = bottle, ap = 14.41%   	 (TP = 180, FP = 383) 
class_id = 40, name = wine glass, ap = 13.93%   	 (TP = 38, FP = 55) 
class_id = 41, name = cup, ap = 21.11%   	 (TP = 208, FP = 370) 
class_id = 42, name = fork, ap = 9.05%   	 (TP = 11, FP = 16) 
class_id = 43, name = knife, ap = 2.59%   	 (TP = 6, FP = 23) 
class_id = 44, name = spoon, ap = 1.86%   	 (TP = 2, FP = 11) 
class_id = 45, name = bowl, ap = 25.02%   	 (TP = 162, FP = 270) 
class_id = 46, name = banana, ap = 16.98%   	 (TP = 42, FP = 42) 
class_id = 47, name = apple, ap = 12.02%   	 (TP = 34, FP = 65) 
class_id = 48, name = sandwich, ap = 24.80%   	 (TP = 27, FP = 22) 
class_id = 49, name = orange, ap = 24.90%   	 (TP = 61, FP = 62) 
class_id = 50, name = broccoli, ap = 20.59%   	 (TP = 45, FP = 58) 
class_id = 51, name = carrot, ap = 9.80%   	 (TP = 43, FP = 109) 
class_id = 52, name = hot dog, ap = 24.88%   	 (TP = 26, FP = 26) 
class_id = 53, name = pizza, ap = 41.54%   	 (TP = 93, FP = 60) 
class_id = 54, name = donut, ap = 31.02%   	 (TP = 147, FP = 326) 
class_id = 55, name = cake, ap = 22.38%   	 (TP = 66, FP = 86) 
class_id = 56, name = chair, ap = 11.96%   	 (TP = 152, FP = 215) 
class_id = 57, name = couch, ap = 35.90%   	 (TP = 68, FP = 48) 
class_id = 58, name = potted plant, ap = 18.34%   	 (TP = 51, FP = 60) 
class_id = 59, name = bed, ap = 29.12%   	 (TP = 23, FP = 20) 
class_id = 60, name = dining table, ap = 20.58%   	 (TP = 42, FP = 35) 
class_id = 61, name = toilet, ap = 51.24%   	 (TP = 87, FP = 55) 
class_id = 62, name = tv, ap = 52.59%   	 (TP = 134, FP = 78) 
class_id = 63, name = laptop, ap = 49.42%   	 (TP = 103, FP = 64) 
class_id = 64, name = mouse, ap = 46.85%   	 (TP = 50, FP = 44) 
class_id = 65, name = remote, ap = 8.91%   	 (TP = 37, FP = 103) 
class_id = 66, name = keyboard, ap = 46.60%   	 (TP = 62, FP = 42) 
class_id = 67, name = cell phone, ap = 22.88%   	 (TP = 42, FP = 33) 
class_id = 68, name = microwave, ap = 48.39%   	 (TP = 20, FP = 5) 
class_id = 69, name = oven, ap = 27.07%   	 (TP = 26, FP = 21) 
class_id = 70, name = toaster, ap = 17.31%   	 (TP = 0, FP = 0) 
class_id = 71, name = sink, ap = 28.39%   	 (TP = 64, FP = 75) 
class_id = 72, name = refrigerator, ap = 36.27%   	 (TP = 29, FP = 12) 
class_id = 73, name = book, ap = 3.04%   	 (TP = 92, FP = 708) 
class_id = 74, name = clock, ap = 44.42%   	 (TP = 117, FP = 74) 
class_id = 75, name = vase, ap = 19.58%   	 (TP = 56, FP = 64) 
class_id = 76, name = scissors, ap = 9.01%   	 (TP = 3, FP = 4) 
class_id = 77, name = teddy bear, ap = 36.74%   	 (TP = 56, FP = 31) 
class_id = 78, name = hair drier, ap = 0.00%   	 (TP = 0, FP = 0) 
class_id = 79, name = toothbrush, ap = 5.37%   	 (TP = 3, FP = 6) 

 for conf_thresh = 0.25, precision = 0.46, recall = 0.29, F1-score = 0.35 
 for conf_thresh = 0.25, TP = 10534, FP = 12384, FN = 26247, average IoU = 32.42 % 

 IoU threshold = 50 %, used Area-Under-Curve for each unique Recall 
 mean average precision (mAP@0.50) = 0.290291, or 29.03 % 
