class_id = 0, name = person, ap = 41.70%   	 (TP = 4337, FP = 3582) 
class_id = 1, name = bicycle, ap = 22.03%   	 (TP = 60, FP = 60) 
class_id = 2, name = car, ap = 24.97%   	 (TP = 578, FP = 959) 
class_id = 3, name = motorcycle, ap = 39.40%   	 (TP = 96, FP = 39) 
class_id = 4, name = airplane, ap = 54.49%   	 (TP = 64, FP = 35) 
class_id = 5, name = bus, ap = 55.74%   	 (TP = 105, FP = 16) 
class_id = 6, name = train, ap = 53.27%   	 (TP = 69, FP = 21) 
class_id = 7, name = truck, ap = 25.28%   	 (TP = 79, FP = 57) 
class_id = 8, name = boat, ap = 13.55%   	 (TP = 72, FP = 150) 
class_id = 9, name = traffic light, ap = 12.50%   	 (TP = 101, FP = 191) 
class_id = 10, name = fire hydrant, ap = 58.31%   	 (TP = 54, FP = 18) 
class_id = 11, name = stop sign, ap = 56.68%   	 (TP = 38, FP = 6) 
class_id = 12, name = parking meter, ap = 38.58%   	 (TP = 17, FP = 4) 
class_id = 13, name = bench, ap = 13.83%   	 (TP = 27, FP = 11) 
class_id = 14, name = bird, ap = 11.59%   	 (TP = 68, FP = 176) 
class_id = 15, name = cat, ap = 62.37%   	 (TP = 60, FP = 15) 
class_id = 16, name = dog, ap = 49.44%   	 (TP = 65, FP = 25) 
class_id = 17, name = horse, ap = 45.73%   	 (TP = 105, FP = 58) 
class_id = 18, name = sheep, ap = 32.55%   	 (TP = 134, FP = 157) 
class_id = 19, name = cow, ap = 32.40%   	 (TP = 133, FP = 153) 
class_id = 20, name = elephant, ap = 55.18%   	 (TP = 125, FP = 61) 
class_id = 21, name = bear, ap = 58.81%   	 (TP = 29, FP = 14) 
class_id = 22, name = zebra, ap = 68.54%   	 (TP = 145, FP = 34) 
class_id = 23, name = giraffe, ap = 68.07%   	 (TP = 124, FP = 13) 
class_id = 24, name = backpack, ap = 6.37%   	 (TP = 14, FP = 14) 
class_id = 25, name = umbrella, ap = 21.87%   	 (TP = 69, FP = 61) 
class_id = 26, name = handbag, ap = 3.35%   	 (TP = 6, FP = 13) 
class_id = 27, name = tie, ap = 18.49%   	 (TP = 63, FP = 132) 
class_id = 28, name = suitcase, ap = 17.66%   	 (TP = 46, FP = 65) 
class_id = 29, name = frisbee, ap = 43.52%   	 (TP = 38, FP = 25) 
class_id = 30, name = skis, ap = 9.93%   	 (TP = 30, FP = 102) 
class_id = 31, name = snowboard, ap = 15.24%   	 (TP = 7, FP = 7) 
class_id = 32, name = sports ball, ap = 21.72%   	 (TP = 62, FP = 73) 
class_id = 33, name = kite, ap = 21.47%   	 (TP = 98, FP = 167) 
class_id = 34, name = baseball bat, ap = 15.04%   	 (TP = 20, FP = 25) 
class_id = 35, name = baseball glove, ap = 18.33%   	 (TP = 33, FP = 58) 
class_id = 36, name = skateboard, ap = 32.97%   	 (TP = 65, FP = 54) 
class_id = 37, name = surfboard, ap = 19.73%   	 (TP = 54, FP = 89) 
class_id = 38, name = tennis racket, ap = 37.70%   	 (TP = 83, FP = 38) 
class_id = 39, name = bottle, ap = 13.98%   	 (TP = 120, FP = 162) 
class_id = 40, name = wine glass, ap = 17.97%   	 (TP = 41, FP = 34) 
class_id = 41, name = cup, ap = 22.44%   	 (TP = 195, FP = 218) 
class_id = 42, name = fork, ap = 7.49%   	 (TP = 7, FP = 14) 
class_id = 43, name = knife, ap = 2.87%   	 (TP = 4, FP = 30) 
class_id = 44, name = spoon, ap = 3.09%   	 (TP = 4, FP = 6) 
class_id = 45, name = bowl, ap = 26.73%   	 (TP = 123, FP = 71) 
class_id = 46, name = banana, ap = 15.05%   	 (TP = 51, FP = 75) 
class_id = 47, name = apple, ap = 11.86%   	 (TP = 26, FP = 39) 
class_id = 48, name = sandwich, ap = 23.15%   	 (TP = 23, FP = 24) 
class_id = 49, name = orange, ap = 24.10%   	 (TP = 52, FP = 39) 
class_id = 50, name = broccoli, ap = 19.42%   	 (TP = 57, FP = 93) 
class_id = 51, name = carrot, ap = 8.62%   	 (TP = 35, FP = 100) 
class_id = 52, name = hot dog, ap = 19.35%   	 (TP = 16, FP = 16) 
class_id = 53, name = pizza, ap = 41.04%   	 (TP = 83, FP = 51) 
class_id = 54, name = donut, ap = 29.36%   	 (TP = 92, FP = 77) 
class_id = 55, name = cake, ap = 23.74%   	 (TP = 50, FP = 43) 
class_id = 56, name = chair, ap = 16.34%   	 (TP = 176, FP = 124) 
class_id = 57, name = couch, ap = 39.14%   	 (TP = 48, FP = 17) 
class_id = 58, name = potted plant, ap = 19.03%   	 (TP = 34, FP = 47) 
class_id = 59, name = bed, ap = 38.99%   	 (TP = 13, FP = 1) 
class_id = 60, name = dining table, ap = 22.43%   	 (TP = 39, FP = 17) 
class_id = 61, name = toilet, ap = 54.30%   	 (TP = 76, FP = 34) 
class_id = 62, name = tv, ap = 52.32%   	 (TP = 122, FP = 43) 
class_id = 63, name = laptop, ap = 47.09%   	 (TP = 82, FP = 28) 
class_id = 64, name = mouse, ap = 44.88%   	 (TP = 40, FP = 18) 
class_id = 65, name = remote, ap = 9.19%   	 (TP = 25, FP = 33) 
class_id = 66, name = keyboard, ap = 44.45%   	 (TP = 58, FP = 34) 
class_id = 67, name = cell phone, ap = 20.47%   	 (TP = 40, FP = 29) 
class_id = 68, name = microwave, ap = 48.25%   	 (TP = 18, FP = 2) 
class_id = 69, name = oven, ap = 31.17%   	 (TP = 24, FP = 6) 
class_id = 70, name = toaster, ap = 16.60%   	 (TP = 0, FP = 0) 
class_id = 71, name = sink, ap = 29.58%   	 (TP = 62, FP = 45) 
class_id = 72, name = refrigerator, ap = 36.40%   	 (TP = 18, FP = 5) 
class_id = 73, name = book, ap = 3.79%   	 (TP = 55, FP = 235) 
class_id = 74, name = clock, ap = 48.74%   	 (TP = 126, FP = 76) 
class_id = 75, name = vase, ap = 22.14%   	 (TP = 51, FP = 42) 
class_id = 76, name = scissors, ap = 11.88%   	 (TP = 3, FP = 1) 
class_id = 77, name = teddy bear, ap = 36.75%   	 (TP = 40, FP = 16) 
class_id = 78, name = hair drier, ap = 0.00%   	 (TP = 0, FP = 0) 
class_id = 79, name = toothbrush, ap = 6.60%   	 (TP = 3, FP = 3) 

 for conf_thresh = 0.25, precision = 0.52, recall = 0.26, F1-score = 0.35 
 for conf_thresh = 0.25, TP = 9505, FP = 8726, FN = 27276, average IoU = 37.10 % 

 IoU threshold = 50 %, used Area-Under-Curve for each unique Recall 
 mean average precision (mAP@0.50) = 0.288652, or 28.87 % 
