class_id = 0, name = person, ap = 45.37%   	 (TP = 3690, FP = 1430) 
class_id = 1, name = bicycle, ap = 22.33%   	 (TP = 44, FP = 24) 
class_id = 2, name = car, ap = 29.33%   	 (TP = 425, FP = 213) 
class_id = 3, name = motorcycle, ap = 41.30%   	 (TP = 81, FP = 20) 
class_id = 4, name = airplane, ap = 53.72%   	 (TP = 42, FP = 8) 
class_id = 5, name = bus, ap = 58.50%   	 (TP = 110, FP = 15) 
class_id = 6, name = train, ap = 62.77%   	 (TP = 83, FP = 16) 
class_id = 7, name = truck, ap = 27.58%   	 (TP = 69, FP = 30) 
class_id = 8, name = boat, ap = 13.48%   	 (TP = 41, FP = 62) 
class_id = 9, name = traffic light, ap = 14.94%   	 (TP = 74, FP = 43) 
class_id = 10, name = fire hydrant, ap = 59.64%   	 (TP = 45, FP = 6) 
class_id = 11, name = stop sign, ap = 56.37%   	 (TP = 39, FP = 8) 
class_id = 12, name = parking meter, ap = 35.50%   	 (TP = 11, FP = 1) 
class_id = 13, name = bench, ap = 12.59%   	 (TP = 24, FP = 9) 
class_id = 14, name = bird, ap = 16.84%   	 (TP = 57, FP = 61) 
class_id = 15, name = cat, ap = 57.22%   	 (TP = 49, FP = 16) 
class_id = 16, name = dog, ap = 45.22%   	 (TP = 51, FP = 24) 
class_id = 17, name = horse, ap = 45.18%   	 (TP = 93, FP = 50) 
class_id = 18, name = sheep, ap = 30.31%   	 (TP = 79, FP = 65) 
class_id = 19, name = cow, ap = 41.28%   	 (TP = 119, FP = 56) 
class_id = 20, name = elephant, ap = 55.74%   	 (TP = 133, FP = 53) 
class_id = 21, name = bear, ap = 62.67%   	 (TP = 33, FP = 10) 
class_id = 22, name = zebra, ap = 70.43%   	 (TP = 126, FP = 10) 
class_id = 23, name = giraffe, ap = 68.23%   	 (TP = 120, FP = 19) 
class_id = 24, name = backpack, ap = 5.65%   	 (TP = 2, FP = 3) 
class_id = 25, name = umbrella, ap = 25.29%   	 (TP = 81, FP = 52) 
class_id = 26, name = handbag, ap = 3.70%   	 (TP = 5, FP = 1) 
class_id = 27, name = tie, ap = 26.42%   	 (TP = 45, FP = 17) 
class_id = 28, name = suitcase, ap = 17.83%   	 (TP = 35, FP = 30) 
class_id = 29, name = frisbee, ap = 41.69%   	 (TP = 36, FP = 19) 
class_id = 30, name = skis, ap = 10.93%   	 (TP = 25, FP = 65) 
class_id = 31, name = snowboard, ap = 13.87%   	 (TP = 7, FP = 11) 
class_id = 32, name = sports ball, ap = 21.96%   	 (TP = 59, FP = 52) 
class_id = 33, name = kite, ap = 25.69%   	 (TP = 86, FP = 91) 
class_id = 34, name = baseball bat, ap = 13.79%   	 (TP = 14, FP = 14) 
class_id = 35, name = baseball glove, ap = 21.59%   	 (TP = 28, FP = 26) 
class_id = 36, name = skateboard, ap = 35.21%   	 (TP = 53, FP = 33) 
class_id = 37, name = surfboard, ap = 21.62%   	 (TP = 53, FP = 57) 
class_id = 38, name = tennis racket, ap = 39.31%   	 (TP = 73, FP = 18) 
class_id = 39, name = bottle, ap = 15.60%   	 (TP = 92, FP = 68) 
class_id = 40, name = wine glass, ap = 16.77%   	 (TP = 36, FP = 14) 
class_id = 41, name = cup, ap = 21.89%   	 (TP = 146, FP = 109) 
class_id = 42, name = fork, ap = 10.35%   	 (TP = 7, FP = 6) 
class_id = 43, name = knife, ap = 2.68%   	 (TP = 4, FP = 13) 
class_id = 44, name = spoon, ap = 2.61%   	 (TP = 3, FP = 5) 
class_id = 45, name = bowl, ap = 25.67%   	 (TP = 128, FP = 113) 
class_id = 46, name = banana, ap = 16.43%   	 (TP = 34, FP = 25) 
class_id = 47, name = apple, ap = 9.51%   	 (TP = 15, FP = 25) 
class_id = 48, name = sandwich, ap = 25.53%   	 (TP = 25, FP = 23) 
class_id = 49, name = orange, ap = 24.52%   	 (TP = 44, FP = 18) 
class_id = 50, name = broccoli, ap = 18.33%   	 (TP = 23, FP = 22) 
class_id = 51, name = carrot, ap = 8.09%   	 (TP = 14, FP = 38) 
class_id = 52, name = hot dog, ap = 23.93%   	 (TP = 14, FP = 4) 
class_id = 53, name = pizza, ap = 41.38%   	 (TP = 80, FP = 38) 
class_id = 54, name = donut, ap = 29.60%   	 (TP = 89, FP = 99) 
class_id = 55, name = cake, ap = 24.30%   	 (TP = 32, FP = 19) 
class_id = 56, name = chair, ap = 17.33%   	 (TP = 140, FP = 64) 
class_id = 57, name = couch, ap = 41.07%   	 (TP = 56, FP = 17) 
class_id = 58, name = potted plant, ap = 20.58%   	 (TP = 28, FP = 18) 
class_id = 59, name = bed, ap = 39.13%   	 (TP = 17, FP = 0) 
class_id = 60, name = dining table, ap = 23.04%   	 (TP = 29, FP = 15) 
class_id = 61, name = toilet, ap = 55.95%   	 (TP = 69, FP = 19) 
class_id = 62, name = tv, ap = 51.80%   	 (TP = 115, FP = 41) 
class_id = 63, name = laptop, ap = 51.59%   	 (TP = 84, FP = 16) 
class_id = 64, name = mouse, ap = 43.44%   	 (TP = 40, FP = 19) 
class_id = 65, name = remote, ap = 7.63%   	 (TP = 16, FP = 21) 
class_id = 66, name = keyboard, ap = 40.18%   	 (TP = 51, FP = 32) 
class_id = 67, name = cell phone, ap = 22.32%   	 (TP = 42, FP = 16) 
class_id = 68, name = microwave, ap = 51.41%   	 (TP = 19, FP = 2) 
class_id = 69, name = oven, ap = 32.60%   	 (TP = 25, FP = 5) 
class_id = 70, name = toaster, ap = 18.52%   	 (TP = 0, FP = 0) 
class_id = 71, name = sink, ap = 30.06%   	 (TP = 50, FP = 27) 
class_id = 72, name = refrigerator, ap = 38.20%   	 (TP = 19, FP = 4) 
class_id = 73, name = book, ap = 4.25%   	 (TP = 73, FP = 286) 
class_id = 74, name = clock, ap = 46.88%   	 (TP = 112, FP = 41) 
class_id = 75, name = vase, ap = 20.98%   	 (TP = 30, FP = 23) 
class_id = 76, name = scissors, ap = 11.37%   	 (TP = 3, FP = 2) 
class_id = 77, name = teddy bear, ap = 40.06%   	 (TP = 47, FP = 10) 
class_id = 78, name = hair drier, ap = 0.00%   	 (TP = 0, FP = 0) 
class_id = 79, name = toothbrush, ap = 6.04%   	 (TP = 3, FP = 1) 

 for conf_thresh = 0.25, precision = 0.67, recall = 0.22, F1-score = 0.33 
 for conf_thresh = 0.25, TP = 8094, FP = 4056, FN = 28687, average IoU = 48.11 % 

 IoU threshold = 50 %, used Area-Under-Curve for each unique Recall 
 mean average precision (mAP@0.50) = 0.297835, or 29.78 % 
