class_id = 0, name = person, ap = 40.61%   	 (TP = 4217, FP = 3834) 
class_id = 1, name = bicycle, ap = 22.49%   	 (TP = 55, FP = 47) 
class_id = 2, name = car, ap = 24.96%   	 (TP = 554, FP = 851) 
class_id = 3, name = motorcycle, ap = 37.54%   	 (TP = 106, FP = 58) 
class_id = 4, name = airplane, ap = 61.73%   	 (TP = 63, FP = 12) 
class_id = 5, name = bus, ap = 55.82%   	 (TP = 115, FP = 24) 
class_id = 6, name = train, ap = 61.44%   	 (TP = 89, FP = 21) 
class_id = 7, name = truck, ap = 25.95%   	 (TP = 95, FP = 96) 
class_id = 8, name = boat, ap = 10.91%   	 (TP = 58, FP = 162) 
class_id = 9, name = traffic light, ap = 13.68%   	 (TP = 120, FP = 244) 
class_id = 10, name = fire hydrant, ap = 60.94%   	 (TP = 56, FP = 9) 
class_id = 11, name = stop sign, ap = 58.83%   	 (TP = 40, FP = 10) 
class_id = 12, name = parking meter, ap = 35.18%   	 (TP = 18, FP = 5) 
class_id = 13, name = bench, ap = 13.54%   	 (TP = 37, FP = 25) 
class_id = 14, name = bird, ap = 13.04%   	 (TP = 73, FP = 156) 
class_id = 15, name = cat, ap = 52.93%   	 (TP = 75, FP = 35) 
class_id = 16, name = dog, ap = 47.90%   	 (TP = 68, FP = 37) 
class_id = 17, name = horse, ap = 48.91%   	 (TP = 107, FP = 48) 
class_id = 18, name = sheep, ap = 35.95%   	 (TP = 139, FP = 167) 
class_id = 19, name = cow, ap = 40.25%   	 (TP = 153, FP = 144) 
class_id = 20, name = elephant, ap = 59.32%   	 (TP = 138, FP = 62) 
class_id = 21, name = bear, ap = 54.83%   	 (TP = 37, FP = 30) 
class_id = 22, name = zebra, ap = 73.34%   	 (TP = 158, FP = 26) 
class_id = 23, name = giraffe, ap = 71.03%   	 (TP = 143, FP = 29) 
class_id = 24, name = backpack, ap = 5.20%   	 (TP = 10, FP = 23) 
class_id = 25, name = umbrella, ap = 27.37%   	 (TP = 81, FP = 48) 
class_id = 26, name = handbag, ap = 3.32%   	 (TP = 11, FP = 12) 
class_id = 27, name = tie, ap = 23.64%   	 (TP = 58, FP = 38) 
class_id = 28, name = suitcase, ap = 14.56%   	 (TP = 36, FP = 39) 
class_id = 29, name = frisbee, ap = 45.65%   	 (TP = 50, FP = 35) 
class_id = 30, name = skis, ap = 10.70%   	 (TP = 31, FP = 96) 
class_id = 31, name = snowboard, ap = 17.97%   	 (TP = 11, FP = 12) 
class_id = 32, name = sports ball, ap = 20.40%   	 (TP = 75, FP = 104) 
class_id = 33, name = kite, ap = 17.52%   	 (TP = 95, FP = 286) 
class_id = 34, name = baseball bat, ap = 12.32%   	 (TP = 17, FP = 25) 
class_id = 35, name = baseball glove, ap = 16.02%   	 (TP = 34, FP = 75) 
class_id = 36, name = skateboard, ap = 34.48%   	 (TP = 55, FP = 41) 
class_id = 37, name = surfboard, ap = 16.42%   	 (TP = 58, FP = 127) 
class_id = 38, name = tennis racket, ap = 35.20%   	 (TP = 75, FP = 51) 
class_id = 39, name = bottle, ap = 16.09%   	 (TP = 188, FP = 391) 
class_id = 40, name = wine glass, ap = 16.95%   	 (TP = 49, FP = 63) 
class_id = 41, name = cup, ap = 20.15%   	 (TP = 172, FP = 225) 
class_id = 42, name = fork, ap = 8.39%   	 (TP = 11, FP = 25) 
class_id = 43, name = knife, ap = 2.47%   	 (TP = 8, FP = 43) 
class_id = 44, name = spoon, ap = 2.50%   	 (TP = 7, FP = 23) 
class_id = 45, name = bowl, ap = 27.77%   	 (TP = 164, FP = 200) 
class_id = 46, name = banana, ap = 17.54%   	 (TP = 53, FP = 53) 
class_id = 47, name = apple, ap = 10.43%   	 (TP = 29, FP = 59) 
class_id = 48, name = sandwich, ap = 27.71%   	 (TP = 33, FP = 33) 
class_id = 49, name = orange, ap = 25.27%   	 (TP = 63, FP = 61) 
class_id = 50, name = broccoli, ap = 21.12%   	 (TP = 49, FP = 72) 
class_id = 51, name = carrot, ap = 9.90%   	 (TP = 34, FP = 70) 
class_id = 52, name = hot dog, ap = 23.63%   	 (TP = 19, FP = 15) 
class_id = 53, name = pizza, ap = 43.94%   	 (TP = 96, FP = 57) 
class_id = 54, name = donut, ap = 25.01%   	 (TP = 70, FP = 76) 
class_id = 55, name = cake, ap = 25.97%   	 (TP = 54, FP = 29) 
class_id = 56, name = chair, ap = 16.05%   	 (TP = 185, FP = 170) 
class_id = 57, name = couch, ap = 38.21%   	 (TP = 65, FP = 22) 
class_id = 58, name = potted plant, ap = 16.66%   	 (TP = 44, FP = 56) 
class_id = 59, name = bed, ap = 35.09%   	 (TP = 17, FP = 2) 
class_id = 60, name = dining table, ap = 19.63%   	 (TP = 55, FP = 44) 
class_id = 61, name = toilet, ap = 55.04%   	 (TP = 68, FP = 30) 
class_id = 62, name = tv, ap = 52.95%   	 (TP = 125, FP = 53) 
class_id = 63, name = laptop, ap = 50.41%   	 (TP = 87, FP = 28) 
class_id = 64, name = mouse, ap = 47.38%   	 (TP = 42, FP = 16) 
class_id = 65, name = remote, ap = 5.49%   	 (TP = 21, FP = 55) 
class_id = 66, name = keyboard, ap = 47.02%   	 (TP = 56, FP = 26) 
class_id = 67, name = cell phone, ap = 21.43%   	 (TP = 43, FP = 25) 
class_id = 68, name = microwave, ap = 51.33%   	 (TP = 23, FP = 7) 
class_id = 69, name = oven, ap = 28.35%   	 (TP = 25, FP = 12) 
class_id = 70, name = toaster, ap = 19.26%   	 (TP = 0, FP = 0) 
class_id = 71, name = sink, ap = 26.45%   	 (TP = 58, FP = 55) 
class_id = 72, name = refrigerator, ap = 38.56%   	 (TP = 31, FP = 6) 
class_id = 73, name = book, ap = 3.29%   	 (TP = 78, FP = 435) 
class_id = 74, name = clock, ap = 48.43%   	 (TP = 123, FP = 55) 
class_id = 75, name = vase, ap = 22.05%   	 (TP = 54, FP = 56) 
class_id = 76, name = scissors, ap = 9.53%   	 (TP = 2, FP = 2) 
class_id = 77, name = teddy bear, ap = 31.33%   	 (TP = 52, FP = 40) 
class_id = 78, name = hair drier, ap = 0.00%   	 (TP = 0, FP = 0) 
class_id = 79, name = toothbrush, ap = 5.60%   	 (TP = 3, FP = 9) 

 for conf_thresh = 0.25, precision = 0.50, recall = 0.27, F1-score = 0.35 
 for conf_thresh = 0.25, TP = 9767, FP = 9843, FN = 27014, average IoU = 35.68 % 

 IoU threshold = 50 %, used Area-Under-Curve for each unique Recall 
 mean average precision (mAP@0.50) = 0.292035, or 29.20 % 
